<?xml version="1.0" encoding="UTF-8"?>
<testng-results ignored="0" total="7" passed="7" failed="0" skipped="0">
  <reporter-output>
  </reporter-output>
  <suite started-at="2023-05-13T12:37:16 EEST" name="Gradle suite" finished-at="2023-05-13T12:37:17 EEST" duration-ms="217">
    <groups>
      <group name="group3">
        <method signature="TestClass1.test3()[pri:3, instance:test.TestClass1@7e5c856f]" name="test3" class="test.TestClass1"/>
      </group> <!-- group3 -->
      <group name="group2">
        <method signature="TestClass1.test2()[pri:1, instance:test.TestClass1@7e5c856f]" name="test2" class="test.TestClass1"/>
      </group> <!-- group2 -->
      <group name="group1">
        <method signature="TestClass2.test1()[pri:1, instance:test.TestClass2@6d167f58]" name="test1" class="test.TestClass2"/>
        <method signature="TestClass1.test1()[pri:2, instance:test.TestClass1@7e5c856f]" name="test1" class="test.TestClass1"/>
        <method signature="TestClass2.test2()[pri:2, instance:test.TestClass2@6d167f58]" name="test2" class="test.TestClass2"/>
        <method signature="TestClass2.test3()[pri:3, instance:test.TestClass2@6d167f58]" name="test3" class="test.TestClass2"/>
        <method signature="TestClass2.a()[pri:4, instance:test.TestClass2@6d167f58]" name="a" class="test.TestClass2"/>
      </group> <!-- group1 -->
    </groups>
    <test started-at="2023-05-13T12:37:16 EEST" name="Gradle test" finished-at="2023-05-13T12:37:17 EEST" duration-ms="217">
      <class name="test.TestClass1">
        <test-method is-config="true" signature="beforeClassMethod()[pri:0, instance:test.TestClass1@7e5c856f]" started-at="2023-05-13T12:37:17 EEST" name="beforeClassMethod" finished-at="2023-05-13T12:37:17 EEST" duration-ms="2" status="PASS">
          <reporter-output>
          </reporter-output>
        </test-method> <!-- beforeClassMethod -->
        <test-method signature="test2()[pri:1, instance:test.TestClass1@7e5c856f]" started-at="2023-05-13T12:37:17 EEST" name="test2" finished-at="2023-05-13T12:37:17 EEST" duration-ms="13" status="PASS">
          <reporter-output>
          </reporter-output>
        </test-method> <!-- test2 -->
        <test-method signature="test1()[pri:2, instance:test.TestClass1@7e5c856f]" started-at="2023-05-13T12:37:17 EEST" name="test1" finished-at="2023-05-13T12:37:17 EEST" duration-ms="5" status="PASS">
          <reporter-output>
          </reporter-output>
        </test-method> <!-- test1 -->
        <test-method signature="test3()[pri:3, instance:test.TestClass1@7e5c856f]" started-at="2023-05-13T12:37:17 EEST" name="test3" finished-at="2023-05-13T12:37:17 EEST" duration-ms="2" status="PASS">
          <reporter-output>
          </reporter-output>
        </test-method> <!-- test3 -->
        <test-method is-config="true" signature="afterClassMethod()[pri:0, instance:test.TestClass1@7e5c856f]" started-at="2023-05-13T12:37:17 EEST" name="afterClassMethod" finished-at="2023-05-13T12:37:17 EEST" duration-ms="2" status="PASS">
          <reporter-output>
          </reporter-output>
        </test-method> <!-- afterClassMethod -->
      </class> <!-- test.TestClass1 -->
      <class name="test.TestClass2">
        <test-method is-config="true" signature="beforeClassMethod()[pri:0, instance:test.TestClass2@6d167f58]" started-at="2023-05-13T12:37:16 EEST" name="beforeClassMethod" finished-at="2023-05-13T12:37:16 EEST" duration-ms="58" status="PASS">
          <reporter-output>
          </reporter-output>
        </test-method> <!-- beforeClassMethod -->
        <test-method signature="test1()[pri:1, instance:test.TestClass2@6d167f58]" started-at="2023-05-13T12:37:16 EEST" name="test1" finished-at="2023-05-13T12:37:16 EEST" duration-ms="3" status="PASS">
          <reporter-output>
          </reporter-output>
        </test-method> <!-- test1 -->
        <test-method signature="test2()[pri:2, instance:test.TestClass2@6d167f58]" started-at="2023-05-13T12:37:17 EEST" name="test2" finished-at="2023-05-13T12:37:17 EEST" duration-ms="3" status="PASS">
          <reporter-output>
          </reporter-output>
        </test-method> <!-- test2 -->
        <test-method signature="test3()[pri:3, instance:test.TestClass2@6d167f58]" started-at="2023-05-13T12:37:17 EEST" name="test3" finished-at="2023-05-13T12:37:17 EEST" duration-ms="0" status="PASS">
          <reporter-output>
          </reporter-output>
        </test-method> <!-- test3 -->
        <test-method signature="a()[pri:4, instance:test.TestClass2@6d167f58]" started-at="2023-05-13T12:37:17 EEST" name="a" finished-at="2023-05-13T12:37:17 EEST" duration-ms="0" status="PASS">
          <reporter-output>
          </reporter-output>
        </test-method> <!-- a -->
        <test-method is-config="true" signature="afterClassMethod()[pri:0, instance:test.TestClass2@6d167f58]" started-at="2023-05-13T12:37:17 EEST" name="afterClassMethod" finished-at="2023-05-13T12:37:17 EEST" duration-ms="2" status="PASS">
          <reporter-output>
          </reporter-output>
        </test-method> <!-- afterClassMethod -->
      </class> <!-- test.TestClass2 -->
    </test> <!-- Gradle test -->
  </suite> <!-- Gradle suite -->
</testng-results>
